C51 COMPILER V9.60.7.0   LED_SWITCH                                                        12/14/2025 10:46:54 PAGE 1   


C51 COMPILER V9.60.7.0, COMPILATION OF MODULE LED_SWITCH
OBJECT MODULE PLACED IN .\Objects\LED_SWITCH.obj
COMPILER INVOKED BY: C:\Keil_v5\C51\BIN\C51.EXE LED_SWITCH.c OPTIMIZE(8,SPEED) BROWSE DEBUG OBJECTEXTEND PRINT(.\Listing
                    -s\LED_SWITCH.lst) TABS(2) OBJECT(.\Objects\LED_SWITCH.obj)

line level    source

   1          #include <reg51.h>
   2          
   3          sbit LED = P1^0;   // LED at P1.0
   4          sbit SW  = P1^1;   // Switch at P1.1
   5          
   6          void delay_ms(unsigned int ms);
   7          
   8          void main()
   9          {
  10   1          LED = 0;   // LED OFF initially
  11   1          SW  = 1;   // Configure P1.1 as input (pull-up)
  12   1      
  13   1          while(1)
  14   1          {
  15   2              if(SW == 0)        // Switch PRESSED
  16   2              {
  17   3                  LED = 1;      // LED ON
  18   3                  delay_ms(100);
  19   3      
  20   3                  if(SW == 1)   // If switch released during delay
  21   3                  {
  22   4                      LED = 0;
  23   4                      continue;
  24   4                  }
  25   3      
  26   3                  LED = 0;      // LED OFF
  27   3                  delay_ms(100);
  28   3              }
  29   2              else              // Switch RELEASED
  30   2              {
  31   3                  LED = 0;      // LED OFF
  32   3              }
  33   2          }
  34   1      }
  35          
  36          void delay_ms(unsigned int ms)
  37          {
  38   1          unsigned int i, j;
  39   1          for(i = 0; i < ms; i++)
  40   1              for(j = 0; j < 1275; j++);
  41   1      }


MODULE INFORMATION:   STATIC OVERLAYABLE
   CODE SIZE        =     70    ----
   CONSTANT SIZE    =   ----    ----
   XDATA SIZE       =   ----    ----
   PDATA SIZE       =   ----    ----
   DATA SIZE        =   ----    ----
   IDATA SIZE       =   ----    ----
   BIT SIZE         =   ----    ----
END OF MODULE INFORMATION.


C51 COMPILATION COMPLETE.  0 WARNING(S),  0 ERROR(S)
