C51 COMPILER V9.60.7.0   TRAFFIC_LIGHT                                                     12/13/2025 11:09:02 PAGE 1   


C51 COMPILER V9.60.7.0, COMPILATION OF MODULE TRAFFIC_LIGHT
OBJECT MODULE PLACED IN .\Objects\traffic_light.obj
COMPILER INVOKED BY: C:\Keil_v5\C51\BIN\C51.EXE traffic_light.c OPTIMIZE(8,SPEED) BROWSE DEBUG OBJECTEXTEND PRINT(.\List
                    -ings\traffic_light.lst) TABS(2) OBJECT(.\Objects\traffic_light.obj)

line level    source

   1          #include <reg51.h>
   2          
   3          /* Road 1 */
   4          sbit R1_G = P2^0;
   5          sbit R1_Y = P2^1;
   6          sbit R1_R = P2^2;
   7          
   8          /* Road 2 */
   9          sbit R2_G = P2^3;
  10          sbit R2_Y = P2^4;
  11          sbit R2_R = P2^5;
  12          
  13          /* Road 3 */
  14          sbit R3_G = P2^6;
  15          sbit R3_Y = P2^7;
  16          sbit R3_R = P1^3;
  17          
  18          /* Road 4 */
  19          sbit R4_G = P1^0;
  20          sbit R4_Y = P1^1;
  21          sbit R4_R = P1^2;
  22          
  23          void delay(unsigned int d)
  24          {
  25   1          unsigned int i, j;
  26   1          for(i=0;i<d;i++)
  27   1              for(j=0;j<3000;j++);
  28   1      }
  29          
  30          /* All RED ON */
  31          void all_red()
  32          {
  33   1          R1_R = 0; R2_R = 0; R3_R = 0; R4_R = 0;
  34   1          R1_G = 1; R1_Y = 1;
  35   1          R2_G = 1; R2_Y = 1;
  36   1          R3_G = 1; R3_Y = 1;
  37   1          R4_G = 1; R4_Y = 1;
  38   1      }
  39          
  40          void main()
  41          {
  42   1          while(1)
  43   1          {
  44   2              /* ROAD 1 */
  45   2              all_red();
  46   2              R1_R = 1;
  47   2              R1_G = 0;
  48   2              delay(100);
  49   2              R1_G = 1;
  50   2              R1_Y = 0;
  51   2              delay(50);
  52   2      
  53   2              /* ROAD 2 */
  54   2              all_red();
C51 COMPILER V9.60.7.0   TRAFFIC_LIGHT                                                     12/13/2025 11:09:02 PAGE 2   

  55   2              R2_R = 1;
  56   2              R2_G = 0;
  57   2              delay(100);
  58   2              R2_G = 1;
  59   2              R2_Y = 0;
  60   2              delay(50);
  61   2      
  62   2              /* ROAD 3 */
  63   2              all_red();
  64   2              R3_R = 1;
  65   2              R3_G = 0;
  66   2              delay(100);
  67   2              R3_G = 1;
  68   2              R3_Y = 0;
  69   2              delay(50);
  70   2      
  71   2              /* ROAD 4 */
  72   2              all_red();
  73   2              R4_R = 1;
  74   2              R4_G = 0;
  75   2              delay(100);
  76   2              R4_G = 1;
  77   2              R4_Y = 0;
  78   2              delay(50);
  79   2          }
  80   1      }


MODULE INFORMATION:   STATIC OVERLAYABLE
   CODE SIZE        =    135    ----
   CONSTANT SIZE    =   ----    ----
   XDATA SIZE       =   ----    ----
   PDATA SIZE       =   ----    ----
   DATA SIZE        =   ----    ----
   IDATA SIZE       =   ----    ----
   BIT SIZE         =   ----    ----
END OF MODULE INFORMATION.


C51 COMPILATION COMPLETE.  0 WARNING(S),  0 ERROR(S)
