C51 COMPILER V9.60.7.0   7SEGMENT_DISPLAY                                                  12/20/2025 08:45:55 PAGE 1   


C51 COMPILER V9.60.7.0, COMPILATION OF MODULE 7SEGMENT_DISPLAY
OBJECT MODULE PLACED IN .\Objects\7segment_display.obj
COMPILER INVOKED BY: C:\Keil_v5\C51\BIN\C51.EXE 7segment_display.c OPTIMIZE(8,SPEED) BROWSE DEBUG OBJECTEXTEND PRINT(.\L
                    -istings\7segment_display.lst) TABS(2) OBJECT(.\Objects\7segment_display.obj)

line level    source

   1          #include <reg51.h>
   2          
   3          unsigned char seg_code[] = {
   4              0x3F, // 0
   5              0x06, // 1
   6              0x5B, // 2
   7              0x4F, // 3
   8              0x66, // 4
   9              0x6D, // 5
  10              0x7D, // 6
  11              0x07, // 7
  12              0x7F, // 8
  13              0x6F  // 9
  14          };
  15          
  16          void delay_ms(unsigned int ms)
  17          {
  18   1          unsigned int i, j;
  19   1          for(i=0;i<ms;i++)
  20   1              for(j=0;j<1275;j++);
  21   1      }
  22          
  23          void main()
  24          {
  25   1          unsigned char i;
  26   1          while(1)
  27   1          {
  28   2              for(i=0;i<10;i++)
  29   2              {
  30   3                  P2 = seg_code[i];  // send data to 7-seg
  31   3                  delay_ms(100);
  32   3              }
  33   2          }
  34   1      }


MODULE INFORMATION:   STATIC OVERLAYABLE
   CODE SIZE        =     54    ----
   CONSTANT SIZE    =   ----    ----
   XDATA SIZE       =   ----    ----
   PDATA SIZE       =   ----    ----
   DATA SIZE        =     10    ----
   IDATA SIZE       =   ----    ----
   BIT SIZE         =   ----    ----
END OF MODULE INFORMATION.


C51 COMPILATION COMPLETE.  0 WARNING(S),  0 ERROR(S)
