C51 COMPILER V9.60.7.0   LED_CHASING                                                       12/14/2025 11:19:52 PAGE 1   


C51 COMPILER V9.60.7.0, COMPILATION OF MODULE LED_CHASING
OBJECT MODULE PLACED IN .\Objects\led_chasing.obj
COMPILER INVOKED BY: C:\Keil_v5\C51\BIN\C51.EXE led_chasing.c OPTIMIZE(8,SPEED) BROWSE DEBUG OBJECTEXTEND PRINT(.\Listin
                    -gs\led_chasing.lst) TABS(2) OBJECT(.\Objects\led_chasing.obj)

line level    source

   1          #include <reg51.h>   // 8051 header file
   2          
   3          void delay();       // delay function declaration
   4          
   5          void main()
   6          {
   7   1          while(1)        // infinite loop
   8   1          {
   9   2              P1 = 0x01;  // 0000 0001 ? LED at P1.0 ON
  10   2              delay();
  11   2      
  12   2              P1 = 0x02;  // 0000 0010 ? LED at P1.1 ON
  13   2              delay();
  14   2      
  15   2              P1 = 0x04;  // 0000 0100 ? LED at P1.2 ON
  16   2              delay();
  17   2      
  18   2              P1 = 0x08;  // 0000 1000 ? LED at P1.3 ON
  19   2              delay();
  20   2      
  21   2              P1 = 0x10;  // 0001 0000 ? LED at P1.4 ON
  22   2              delay();
  23   2      
  24   2              P1 = 0x20;  // 0010 0000 ? LED at P1.5 ON
  25   2              delay();
  26   2      
  27   2              P1 = 0x40;  // 0100 0000 ? LED at P1.6 ON
  28   2              delay();
  29   2      
  30   2              P1 = 0x80;  // 1000 0000 ? LED at P1.7 ON
  31   2              delay();
  32   2          }
  33   1      }
  34          
  35          void delay()
  36          {
  37   1          unsigned int i, j;
  38   1          for(i = 0; i < 30; i++)
  39   1              for(j = 0; j < 1275; j++);
  40   1      }


MODULE INFORMATION:   STATIC OVERLAYABLE
   CODE SIZE        =     79    ----
   CONSTANT SIZE    =   ----    ----
   XDATA SIZE       =   ----    ----
   PDATA SIZE       =   ----    ----
   DATA SIZE        =   ----    ----
   IDATA SIZE       =   ----    ----
   BIT SIZE         =   ----    ----
END OF MODULE INFORMATION.


C51 COMPILATION COMPLETE.  0 WARNING(S),  0 ERROR(S)
